# JRE version: OpenJDK Runtime Environment Temurin-17.0.11+9 (17.0.11+9) (build 17.0.11+9)
# Java VM: OpenJDK 64-Bit Server VM Temurin-17.0.11+9 (17.0.11+9, mixed mode, emulated-client, tiered, compressed oops, compressed class ptrs, g1 gc, windows-amd64)
GC Precious Log:
 CPUs: 8 total, 8 available
 Memory: 6091M
 Large Page Support: Disabled
 NUMA Support: Disabled
 Compressed Oops: Enabled (32-bit)
 Heap Region Size: 1M
 Heap Min Capacity: 8M
 Heap Initial Capacity: 96M
 Heap Max Capacity: 1G
 Pre-touch: Disabled
 Parallel Workers: 8
 Concurrent Workers: 2
 Concurrent Refinement Workers: 8
 Periodic GC: Disabled
Heap:
 garbage-first heap   total 78848K, used 24875K [0x00000000c0000000, 0x0000000100000000)
  region size 1024K, 1 young (1024K), 0 survivors (0K)
 Metaspace       used 39626K, committed 40000K, reserved 1114112K
  class space    used 5270K, committed 5440K, reserved 1048576K
GC Heap History (20 events):
Event: 5166.813 GC heap before
{Heap before GC invocations=366 (full 347):
 garbage-first heap   total 78848K, used 24875K [0x00000000c0000000, 0x0000000100000000)
  region size 1024K, 1 young (1024K), 0 survivors (0K)
 Metaspace       used 39626K, committed 40000K, reserved 1114112K
  class space    used 5270K, committed 5440K, reserved 1048576K
}
Event: 5166.852 GC heap after
{Heap after GC invocations=367 (full 348):
 garbage-first heap   total 78848K, used 24875K [0x00000000c0000000, 0x0000000100000000)
  region size 1024K, 0 young (0K), 0 survivors (0K)
 Metaspace       used 39626K, committed 40000K, reserved 1114112K
  class space    used 5270K, committed 5440K, reserved 1048576K
}
Event: 5177.259 GC heap before
{Heap before GC invocations=367 (full 348):
 garbage-first heap   total 78848K, used 24875K [0x00000000c0000000, 0x0000000100000000)
  region size 1024K, 1 young (1024K), 0 survivors (0K)
 Metaspace       used 39626K, committed 40000K, reserved 1114112K
  class space    used 5270K, committed 5440K, reserved 1048576K
}
Event: 5177.305 GC heap after
{Heap after GC invocations=368 (full 349):
 garbage-first heap   total 78848K, used 24875K [0x00000000c0000000, 0x0000000100000000)
  region size 1024K, 0 young (0K), 0 survivors (0K)
 Metaspace       used 39626K, committed 40000K, reserved 1114112K
  class space    used 5270K, committed 5440K, reserved 1048576K
}
Event: 5187.875 GC heap before
{Heap before GC invocations=368 (full 349):
 garbage-first heap   total 78848K, used 24875K [0x00000000c0000000, 0x0000000100000000)
  region size 1024K, 1 young (1024K), 0 survivors (0K)
 Metaspace       used 39626K, committed 40000K, reserved 1114112K
  class space    used 5270K, committed 5440K, reserved 1048576K
}
Event: 5187.919 GC heap after
{Heap after GC invocations=369 (full 350):
 garbage-first heap   total 78848K, used 24875K [0x00000000c0000000, 0x0000000100000000)
  region size 1024K, 0 young (0K), 0 survivors (0K)
 Metaspace       used 39626K, committed 40000K, reserved 1114112K
  class space    used 5270K, committed 5440K, reserved 1048576K
}
Event: 5198.418 GC heap before
{Heap before GC invocations=369 (full 350):
 garbage-first heap   total 78848K, used 24875K [0x00000000c0000000, 0x0000000100000000)
  region size 1024K, 1 young (1024K), 0 survivors (0K)
 Metaspace       used 39626K, committed 40000K, reserved 1114112K
  class space    used 5270K, committed 5440K, reserved 1048576K
}
Event: 5198.460 GC heap after
{Heap after GC invocations=370 (full 351):
 garbage-first heap   total 78848K, used 24875K [0x00000000c0000000, 0x0000000100000000)
  region size 1024K, 0 young (0K), 0 survivors (0K)
 Metaspace       used 39626K, committed 40000K, reserved 1114112K
  class space    used 5270K, committed 5440K, reserved 1048576K
}
Event: 5208.838 GC heap before
{Heap before GC invocations=370 (full 351):
 garbage-first heap   total 78848K, used 24875K [0x00000000c0000000, 0x0000000100000000)
  region size 1024K, 1 young (1024K), 0 survivors (0K)
 Metaspace       used 39626K, committed 40000K, reserved 1114112K
  class space    used 5270K, committed 5440K, reserved 1048576K
}
Event: 5208.881 GC heap after
{Heap after GC invocations=371 (full 352):
 garbage-first heap   total 78848K, used 24875K [0x00000000c0000000, 0x0000000100000000)
  region size 1024K, 0 young (0K), 0 survivors (0K)
 Metaspace       used 39626K, committed 40000K, reserved 1114112K
  class space    used 5270K, committed 5440K, reserved 1048576K
}
Event: 5220.880 GC heap before
{Heap before GC invocations=371 (full 352):
 garbage-first heap   total 78848K, used 24875K [0x00000000c0000000, 0x0000000100000000)
  region size 1024K, 1 young (1024K), 0 survivors (0K)
 Metaspace       used 39626K, committed 40000K, reserved 1114112K
  class space    used 5270K, committed 5440K, reserved 1048576K
}
Event: 5220.926 GC heap after
{Heap after GC invocations=372 (full 353):
 garbage-first heap   total 78848K, used 24875K [0x00000000c0000000, 0x0000000100000000)
  region size 1024K, 0 young (0K), 0 survivors (0K)
 Metaspace       used 39626K, committed 40000K, reserved 1114112K
  class space    used 5270K, committed 5440K, reserved 1048576K
}
Event: 5231.337 GC heap before
{Heap before GC invocations=372 (full 353):
 garbage-first heap   total 78848K, used 24875K [0x00000000c0000000, 0x0000000100000000)
  region size 1024K, 1 young (1024K), 0 survivors (0K)
 Metaspace       used 39626K, committed 40000K, reserved 1114112K
  class space    used 5270K, committed 5440K, reserved 1048576K
}
Event: 5231.380 GC heap after
{Heap after GC invocations=373 (full 354):
 garbage-first heap   total 78848K, used 24875K [0x00000000c0000000, 0x0000000100000000)
  region size 1024K, 0 young (0K), 0 survivors (0K)
 Metaspace       used 39626K, committed 40000K, reserved 1114112K
  class space    used 5270K, committed 5440K, reserved 1048576K
}
Event: 5241.629 GC heap before
{Heap before GC invocations=373 (full 354):
 garbage-first heap   total 78848K, used 24875K [0x00000000c0000000, 0x0000000100000000)
  region size 1024K, 1 young (1024K), 0 survivors (0K)
 Metaspace       used 39626K, committed 40000K, reserved 1114112K
  class space    used 5270K, committed 5440K, reserved 1048576K
}
Event: 5241.690 GC heap after
{Heap after GC invocations=374 (full 355):
 garbage-first heap   total 78848K, used 24875K [0x00000000c0000000, 0x0000000100000000)
  region size 1024K, 0 young (0K), 0 survivors (0K)
 Metaspace       used 39626K, committed 40000K, reserved 1114112K
  class space    used 5270K, committed 5440K, reserved 1048576K
}
Event: 5251.927 GC heap before
{Heap before GC invocations=374 (full 355):
 garbage-first heap   total 78848K, used 24875K [0x00000000c0000000, 0x0000000100000000)
  region size 1024K, 1 young (1024K), 0 survivors (0K)
 Metaspace       used 39626K, committed 40000K, reserved 1114112K
  class space    used 5270K, committed 5440K, reserved 1048576K
}
Event: 5251.954 GC heap after
{Heap after GC invocations=375 (full 356):
 garbage-first heap   total 78848K, used 24875K [0x00000000c0000000, 0x0000000100000000)
  region size 1024K, 0 young (0K), 0 survivors (0K)
 Metaspace       used 39626K, committed 40000K, reserved 1114112K
  class space    used 5270K, committed 5440K, reserved 1048576K
}
Event: 5262.270 GC heap before
{Heap before GC invocations=375 (full 356):
 garbage-first heap   total 78848K, used 24875K [0x00000000c0000000, 0x0000000100000000)
  region size 1024K, 1 young (1024K), 0 survivors (0K)
 Metaspace       used 39626K, committed 40000K, reserved 1114112K
  class space    used 5270K, committed 5440K, reserved 1048576K
}
Event: 5262.310 GC heap after
{Heap after GC invocations=376 (full 357):
 garbage-first heap   total 78848K, used 24875K [0x00000000c0000000, 0x0000000100000000)
  region size 1024K, 0 young (0K), 0 survivors (0K)
 Metaspace       used 39626K, committed 40000K, reserved 1114112K
  class space    used 5270K, committed 5440K, reserved 1048576K
}

