# JRE version: OpenJDK Runtime Environment Temurin-17.0.11+9 (17.0.11+9) (build 17.0.11+9)
# Java VM: OpenJDK 64-Bit Server VM Temurin-17.0.11+9 (17.0.11+9, mixed mode, tiered, compressed oops, compressed class ptrs, parallel gc, windows-amd64)
GC Precious Log:
 CPUs: 8 total, 8 available
 Memory: 6091M
 Large Page Support: Disabled
 NUMA Support: Disabled
 Compressed Oops: Enabled (32-bit)
 Alignments: Space 512K, Generation 512K, Heap 2M
 Heap Min Capacity: 100M
 Heap Initial Capacity: 100M
 Heap Max Capacity: 1G
 Pre-touch: Disabled
 Parallel Workers: 8
Heap:
 PSYoungGen      total 24576K, used 18704K [0x00000000eab00000, 0x00000000ec780000, 0x0000000100000000)
  eden space 19968K, 71% used [0x00000000eab00000,0x00000000eb8dad58,0x00000000ebe80000)
  from space 4608K, 98% used [0x00000000ebe80000,0x00000000ec2e92e8,0x00000000ec300000)
  to   space 4608K, 0% used [0x00000000ec300000,0x00000000ec300000,0x00000000ec780000)
 ParOldGen       total 68608K, used 46917K [0x00000000c0000000, 0x00000000c4300000, 0x00000000eab00000)
  object space 68608K, 68% used [0x00000000c0000000,0x00000000c2dd1650,0x00000000c4300000)
 Metaspace       used 54856K, committed 55872K, reserved 1114112K
  class space    used 5871K, committed 6336K, reserved 1048576K
GC Heap History (20 events):
Event: 16.816 GC heap before
{Heap before GC invocations=22 (full 2):
 PSYoungGen      total 22528K, used 22021K [0x00000000eab00000, 0x00000000ec480000, 0x0000000100000000)
  eden space 19968K, 100% used [0x00000000eab00000,0x00000000ebe80000,0x00000000ebe80000)
  from space 2560K, 80% used [0x00000000ebe80000,0x00000000ec081418,0x00000000ec100000)
  to   space 3072K, 0% used [0x00000000ec180000,0x00000000ec180000,0x00000000ec480000)
 ParOldGen       total 68608K, used 23672K [0x00000000c0000000, 0x00000000c4300000, 0x00000000eab00000)
  object space 68608K, 34% used [0x00000000c0000000,0x00000000c171e2d0,0x00000000c4300000)
 Metaspace       used 49203K, committed 50176K, reserved 1114112K
  class space    used 5180K, committed 5632K, reserved 1048576K
}
Event: 16.819 GC heap after
{Heap after GC invocations=22 (full 2):
 PSYoungGen      total 22528K, used 2424K [0x00000000eab00000, 0x00000000ec400000, 0x0000000100000000)
  eden space 19968K, 0% used [0x00000000eab00000,0x00000000eab00000,0x00000000ebe80000)
  from space 2560K, 94% used [0x00000000ec180000,0x00000000ec3de260,0x00000000ec400000)
  to   space 2560K, 0% used [0x00000000ebe80000,0x00000000ebe80000,0x00000000ec100000)
 ParOldGen       total 68608K, used 25557K [0x00000000c0000000, 0x00000000c4300000, 0x00000000eab00000)
  object space 68608K, 37% used [0x00000000c0000000,0x00000000c18f56e8,0x00000000c4300000)
 Metaspace       used 49203K, committed 50176K, reserved 1114112K
  class space    used 5180K, committed 5632K, reserved 1048576K
}
Event: 16.982 GC heap before
{Heap before GC invocations=23 (full 2):
 PSYoungGen      total 22528K, used 22392K [0x00000000eab00000, 0x00000000ec400000, 0x0000000100000000)
  eden space 19968K, 100% used [0x00000000eab00000,0x00000000ebe80000,0x00000000ebe80000)
  from space 2560K, 94% used [0x00000000ec180000,0x00000000ec3de260,0x00000000ec400000)
  to   space 2560K, 0% used [0x00000000ebe80000,0x00000000ebe80000,0x00000000ec100000)
 ParOldGen       total 68608K, used 25557K [0x00000000c0000000, 0x00000000c4300000, 0x00000000eab00000)
  object space 68608K, 37% used [0x00000000c0000000,0x00000000c18f56e8,0x00000000c4300000)
 Metaspace       used 49893K, committed 50880K, reserved 1114112K
  class space    used 5276K, committed 5760K, reserved 1048576K
}
Event: 16.988 GC heap after
{Heap after GC invocations=23 (full 2):
 PSYoungGen      total 22528K, used 2547K [0x00000000eab00000, 0x00000000ecc80000, 0x0000000100000000)
  eden space 19968K, 0% used [0x00000000eab00000,0x00000000eab00000,0x00000000ebe80000)
  from space 2560K, 99% used [0x00000000ebe80000,0x00000000ec0fcc28,0x00000000ec100000)
  to   space 7168K, 0% used [0x00000000ec580000,0x00000000ec580000,0x00000000ecc80000)
 ParOldGen       total 68608K, used 29371K [0x00000000c0000000, 0x00000000c4300000, 0x00000000eab00000)
  object space 68608K, 42% used [0x00000000c0000000,0x00000000c1caeca8,0x00000000c4300000)
 Metaspace       used 49893K, committed 50880K, reserved 1114112K
  class space    used 5276K, committed 5760K, reserved 1048576K
}
Event: 17.063 GC heap before
{Heap before GC invocations=24 (full 2):
 PSYoungGen      total 22528K, used 22515K [0x00000000eab00000, 0x00000000ecc80000, 0x0000000100000000)
  eden space 19968K, 100% used [0x00000000eab00000,0x00000000ebe80000,0x00000000ebe80000)
  from space 2560K, 99% used [0x00000000ebe80000,0x00000000ec0fcc28,0x00000000ec100000)
  to   space 7168K, 0% used [0x00000000ec580000,0x00000000ec580000,0x00000000ecc80000)
 ParOldGen       total 68608K, used 29371K [0x00000000c0000000, 0x00000000c4300000, 0x00000000eab00000)
  object space 68608K, 42% used [0x00000000c0000000,0x00000000c1caeca8,0x00000000c4300000)
 Metaspace       used 50145K, committed 51136K, reserved 1114112K
  class space    used 5313K, committed 5760K, reserved 1048576K
}
Event: 17.069 GC heap after
{Heap after GC invocations=24 (full 2):
 PSYoungGen      total 22016K, used 2048K [0x00000000eab00000, 0x00000000ec780000, 0x0000000100000000)
  eden space 19968K, 0% used [0x00000000eab00000,0x00000000eab00000,0x00000000ebe80000)
  from space 2048K, 100% used [0x00000000ec580000,0x00000000ec780000,0x00000000ec780000)
  to   space 4096K, 0% used [0x00000000ebf80000,0x00000000ebf80000,0x00000000ec380000)
 ParOldGen       total 68608K, used 31929K [0x00000000c0000000, 0x00000000c4300000, 0x00000000eab00000)
  object space 68608K, 46% used [0x00000000c0000000,0x00000000c1f2e7d0,0x00000000c4300000)
 Metaspace       used 50145K, committed 51136K, reserved 1114112K
  class space    used 5313K, committed 5760K, reserved 1048576K
}
Event: 17.134 GC heap before
{Heap before GC invocations=25 (full 2):
 PSYoungGen      total 22016K, used 22016K [0x00000000eab00000, 0x00000000ec780000, 0x0000000100000000)
  eden space 19968K, 100% used [0x00000000eab00000,0x00000000ebe80000,0x00000000ebe80000)
  from space 2048K, 100% used [0x00000000ec580000,0x00000000ec780000,0x00000000ec780000)
  to   space 4096K, 0% used [0x00000000ebf80000,0x00000000ebf80000,0x00000000ec380000)
 ParOldGen       total 68608K, used 31929K [0x00000000c0000000, 0x00000000c4300000, 0x00000000eab00000)
  object space 68608K, 46% used [0x00000000c0000000,0x00000000c1f2e7d0,0x00000000c4300000)
 Metaspace       used 50358K, committed 51328K, reserved 1114112K
  class space    used 5338K, committed 5824K, reserved 1048576K
}
Event: 17.138 GC heap after
{Heap after GC invocations=25 (full 2):
 PSYoungGen      total 24064K, used 2240K [0x00000000eab00000, 0x00000000ec600000, 0x0000000100000000)
  eden space 19968K, 0% used [0x00000000eab00000,0x00000000eab00000,0x00000000ebe80000)
  from space 4096K, 54% used [0x00000000ebf80000,0x00000000ec1b0010,0x00000000ec380000)
  to   space 2560K, 0% used [0x00000000ec380000,0x00000000ec380000,0x00000000ec600000)
 ParOldGen       total 68608K, used 33865K [0x00000000c0000000, 0x00000000c4300000, 0x00000000eab00000)
  object space 68608K, 49% used [0x00000000c0000000,0x00000000c21127d0,0x00000000c4300000)
 Metaspace       used 50358K, committed 51328K, reserved 1114112K
  class space    used 5338K, committed 5824K, reserved 1048576K
}
Event: 17.194 GC heap before
{Heap before GC invocations=26 (full 2):
 PSYoungGen      total 24064K, used 22208K [0x00000000eab00000, 0x00000000ec600000, 0x0000000100000000)
  eden space 19968K, 100% used [0x00000000eab00000,0x00000000ebe80000,0x00000000ebe80000)
  from space 4096K, 54% used [0x00000000ebf80000,0x00000000ec1b0010,0x00000000ec380000)
  to   space 2560K, 0% used [0x00000000ec380000,0x00000000ec380000,0x00000000ec600000)
 ParOldGen       total 68608K, used 33865K [0x00000000c0000000, 0x00000000c4300000, 0x00000000eab00000)
  object space 68608K, 49% used [0x00000000c0000000,0x00000000c21127d0,0x00000000c4300000)
 Metaspace       used 50415K, committed 51392K, reserved 1114112K
  class space    used 5343K, committed 5824K, reserved 1048576K
}
Event: 17.200 GC heap after
{Heap after GC invocations=26 (full 2):
 PSYoungGen      total 22016K, used 1856K [0x00000000eab00000, 0x00000000ec580000, 0x0000000100000000)
  eden space 19968K, 0% used [0x00000000eab00000,0x00000000eab00000,0x00000000ebe80000)
  from space 2048K, 90% used [0x00000000ec380000,0x00000000ec550000,0x00000000ec580000)
  to   space 2048K, 0% used [0x00000000ec180000,0x00000000ec180000,0x00000000ec380000)
 ParOldGen       total 68608K, used 36017K [0x00000000c0000000, 0x00000000c4300000, 0x00000000eab00000)
  object space 68608K, 52% used [0x00000000c0000000,0x00000000c232c7e0,0x00000000c4300000)
 Metaspace       used 50415K, committed 51392K, reserved 1114112K
  class space    used 5343K, committed 5824K, reserved 1048576K
}
Event: 17.449 GC heap before
{Heap before GC invocations=27 (full 2):
 PSYoungGen      total 22016K, used 21824K [0x00000000eab00000, 0x00000000ec580000, 0x0000000100000000)
  eden space 19968K, 100% used [0x00000000eab00000,0x00000000ebe80000,0x00000000ebe80000)
  from space 2048K, 90% used [0x00000000ec380000,0x00000000ec550000,0x00000000ec580000)
  to   space 2048K, 0% used [0x00000000ec180000,0x00000000ec180000,0x00000000ec380000)
 ParOldGen       total 68608K, used 36017K [0x00000000c0000000, 0x00000000c4300000, 0x00000000eab00000)
  object space 68608K, 52% used [0x00000000c0000000,0x00000000c232c7e0,0x00000000c4300000)
 Metaspace       used 51157K, committed 52160K, reserved 1114112K
  class space    used 5435K, committed 5888K, reserved 1048576K
}
Event: 17.455 GC heap after
{Heap after GC invocations=27 (full 2):
 PSYoungGen      total 21504K, used 1248K [0x00000000eab00000, 0x00000000ec400000, 0x0000000100000000)
  eden space 19968K, 0% used [0x00000000eab00000,0x00000000eab00000,0x00000000ebe80000)
  from space 1536K, 81% used [0x00000000ec180000,0x00000000ec2b8000,0x00000000ec300000)
  to   space 1024K, 0% used [0x00000000ec300000,0x00000000ec300000,0x00000000ec400000)
 ParOldGen       total 68608K, used 37753K [0x00000000c0000000, 0x00000000c4300000, 0x00000000eab00000)
  object space 68608K, 55% used [0x00000000c0000000,0x00000000c24de7e0,0x00000000c4300000)
 Metaspace       used 51157K, committed 52160K, reserved 1114112K
  class space    used 5435K, committed 5888K, reserved 1048576K
}
Event: 18.860 GC heap before
{Heap before GC invocations=28 (full 2):
 PSYoungGen      total 21504K, used 21216K [0x00000000eab00000, 0x00000000ec400000, 0x0000000100000000)
  eden space 19968K, 100% used [0x00000000eab00000,0x00000000ebe80000,0x00000000ebe80000)
  from space 1536K, 81% used [0x00000000ec180000,0x00000000ec2b8000,0x00000000ec300000)
  to   space 1024K, 0% used [0x00000000ec300000,0x00000000ec300000,0x00000000ec400000)
 ParOldGen       total 68608K, used 37753K [0x00000000c0000000, 0x00000000c4300000, 0x00000000eab00000)
  object space 68608K, 55% used [0x00000000c0000000,0x00000000c24de7e0,0x00000000c4300000)
 Metaspace       used 53544K, committed 54592K, reserved 1114112K
  class space    used 5734K, committed 6208K, reserved 1048576K
}
Event: 18.864 GC heap after
{Heap after GC invocations=28 (full 2):
 PSYoungGen      total 20992K, used 1011K [0x00000000eab00000, 0x00000000ec400000, 0x0000000100000000)
  eden space 19968K, 0% used [0x00000000eab00000,0x00000000eab00000,0x00000000ebe80000)
  from space 1024K, 98% used [0x00000000ec300000,0x00000000ec3fcfe0,0x00000000ec400000)
  to   space 2560K, 0% used [0x00000000ebf00000,0x00000000ebf00000,0x00000000ec180000)
 ParOldGen       total 68608K, used 39093K [0x00000000c0000000, 0x00000000c4300000, 0x00000000eab00000)
  object space 68608K, 56% used [0x00000000c0000000,0x00000000c262d7f0,0x00000000c4300000)
 Metaspace       used 53544K, committed 54592K, reserved 1114112K
  class space    used 5734K, committed 6208K, reserved 1048576K
}
Event: 19.885 GC heap before
{Heap before GC invocations=29 (full 2):
 PSYoungGen      total 20992K, used 20979K [0x00000000eab00000, 0x00000000ec400000, 0x0000000100000000)
  eden space 19968K, 100% used [0x00000000eab00000,0x00000000ebe80000,0x00000000ebe80000)
  from space 1024K, 98% used [0x00000000ec300000,0x00000000ec3fcfe0,0x00000000ec400000)
  to   space 2560K, 0% used [0x00000000ebf00000,0x00000000ebf00000,0x00000000ec180000)
 ParOldGen       total 68608K, used 39093K [0x00000000c0000000, 0x00000000c4300000, 0x00000000eab00000)
  object space 68608K, 56% used [0x00000000c0000000,0x00000000c262d7f0,0x00000000c4300000)
 Metaspace       used 54599K, committed 55616K, reserved 1114112K
  class space    used 5852K, committed 6272K, reserved 1048576K
}
Event: 19.889 GC heap after
{Heap after GC invocations=29 (full 2):
 PSYoungGen      total 22528K, used 2537K [0x00000000eab00000, 0x00000000ec780000, 0x0000000100000000)
  eden space 19968K, 0% used [0x00000000eab00000,0x00000000eab00000,0x00000000ebe80000)
  from space 2560K, 99% used [0x00000000ebf00000,0x00000000ec17a6c8,0x00000000ec180000)
  to   space 4608K, 0% used [0x00000000ec300000,0x00000000ec300000,0x00000000ec780000)
 ParOldGen       total 68608K, used 40615K [0x00000000c0000000, 0x00000000c4300000, 0x00000000eab00000)
  object space 68608K, 59% used [0x00000000c0000000,0x00000000c27a9ff0,0x00000000c4300000)
 Metaspace       used 54599K, committed 55616K, reserved 1114112K
  class space    used 5852K, committed 6272K, reserved 1048576K
}
Event: 21.287 GC heap before
{Heap before GC invocations=30 (full 2):
 PSYoungGen      total 22528K, used 22505K [0x00000000eab00000, 0x00000000ec780000, 0x0000000100000000)
  eden space 19968K, 100% used [0x00000000eab00000,0x00000000ebe80000,0x00000000ebe80000)
  from space 2560K, 99% used [0x00000000ebf00000,0x00000000ec17a6c8,0x00000000ec180000)
  to   space 4608K, 0% used [0x00000000ec300000,0x00000000ec300000,0x00000000ec780000)
 ParOldGen       total 68608K, used 40615K [0x00000000c0000000, 0x00000000c4300000, 0x00000000eab00000)
  object space 68608K, 59% used [0x00000000c0000000,0x00000000c27a9ff0,0x00000000c4300000)
 Metaspace       used 54819K, committed 55808K, reserved 1114112K
  class space    used 5871K, committed 6336K, reserved 1048576K
}
Event: 21.292 GC heap after
{Heap after GC invocations=30 (full 2):
 PSYoungGen      total 24576K, used 4288K [0x00000000eab00000, 0x00000000ec780000, 0x0000000100000000)
  eden space 19968K, 0% used [0x00000000eab00000,0x00000000eab00000,0x00000000ebe80000)
  from space 4608K, 93% used [0x00000000ec300000,0x00000000ec730258,0x00000000ec780000)
  to   space 4608K, 0% used [0x00000000ebe80000,0x00000000ebe80000,0x00000000ec300000)
 ParOldGen       total 68608K, used 42969K [0x00000000c0000000, 0x00000000c4300000, 0x00000000eab00000)
  object space 68608K, 62% used [0x00000000c0000000,0x00000000c29f64a8,0x00000000c4300000)
 Metaspace       used 54819K, committed 55808K, reserved 1114112K
  class space    used 5871K, committed 6336K, reserved 1048576K
}
Event: 22.321 GC heap before
{Heap before GC invocations=31 (full 2):
 PSYoungGen      total 24576K, used 24256K [0x00000000eab00000, 0x00000000ec780000, 0x0000000100000000)
  eden space 19968K, 100% used [0x00000000eab00000,0x00000000ebe80000,0x00000000ebe80000)
  from space 4608K, 93% used [0x00000000ec300000,0x00000000ec730258,0x00000000ec780000)
  to   space 4608K, 0% used [0x00000000ebe80000,0x00000000ebe80000,0x00000000ec300000)
 ParOldGen       total 68608K, used 42969K [0x00000000c0000000, 0x00000000c4300000, 0x00000000eab00000)
  object space 68608K, 62% used [0x00000000c0000000,0x00000000c29f64a8,0x00000000c4300000)
 Metaspace       used 54855K, committed 55872K, reserved 1114112K
  class space    used 5871K, committed 6336K, reserved 1048576K
}
Event: 22.325 GC heap after
{Heap after GC invocations=31 (full 2):
 PSYoungGen      total 24576K, used 4516K [0x00000000eab00000, 0x00000000ec780000, 0x0000000100000000)
  eden space 19968K, 0% used [0x00000000eab00000,0x00000000eab00000,0x00000000ebe80000)
  from space 4608K, 98% used [0x00000000ebe80000,0x00000000ec2e92e8,0x00000000ec300000)
  to   space 4608K, 0% used [0x00000000ec300000,0x00000000ec300000,0x00000000ec780000)
 ParOldGen       total 68608K, used 46917K [0x00000000c0000000, 0x00000000c4300000, 0x00000000eab00000)
  object space 68608K, 68% used [0x00000000c0000000,0x00000000c2dd1650,0x00000000c4300000)
 Metaspace       used 54855K, committed 55872K, reserved 1114112K
  class space    used 5871K, committed 6336K, reserved 1048576K
}

