# JRE version: Java(TM) SE Runtime Environment 18.9 (11.0.21+9) (build 11.0.21+9-LTS-193)
# Java VM: Java HotSpot(TM) 64-Bit Server VM 18.9 (11.0.21+9-LTS-193, mixed mode, tiered, compressed oops, g1 gc, windows-amd64)
Heap:
 garbage-first heap   total 109568K, used 57072K [0x00000000a0c00000, 0x0000000100000000)
  region size 1024K, 26 young (26624K), 0 survivors (0K)
 Metaspace       used 73901K, capacity 76870K, committed 77312K, reserved 1116160K
  class space    used 8498K, capacity 9580K, committed 9728K, reserved 1048576K
GC Heap History (10 events):
Event: 3487.012 GC heap before
{Heap before GC invocations=112 (full 5):
 garbage-first heap   total 109568K, used 93654K [0x00000000a0c00000, 0x0000000100000000)
  region size 1024K, 55 young (56320K), 1 survivors (1024K)
 Metaspace       used 73795K, capacity 76650K, committed 76928K, reserved 1116160K
  class space    used 8493K, capacity 9556K, committed 9600K, reserved 1048576K
}
Event: 3487.061 GC heap after
{Heap after GC invocations=113 (full 5):
 garbage-first heap   total 109568K, used 38411K [0x00000000a0c00000, 0x0000000100000000)
  region size 1024K, 1 young (1024K), 1 survivors (1024K)
 Metaspace       used 73795K, capacity 76650K, committed 76928K, reserved 1116160K
  class space    used 8493K, capacity 9556K, committed 9600K, reserved 1048576K
}
Event: 3502.587 GC heap before
{Heap before GC invocations=113 (full 5):
 garbage-first heap   total 109568K, used 93707K [0x00000000a0c00000, 0x0000000100000000)
  region size 1024K, 55 young (56320K), 1 survivors (1024K)
 Metaspace       used 73848K, capacity 76715K, committed 76928K, reserved 1116160K
  class space    used 8502K, capacity 9571K, committed 9600K, reserved 1048576K
}
Event: 3502.622 GC heap after
{Heap after GC invocations=114 (full 5):
 garbage-first heap   total 109568K, used 38580K [0x00000000a0c00000, 0x0000000100000000)
  region size 1024K, 1 young (1024K), 1 survivors (1024K)
 Metaspace       used 73848K, capacity 76715K, committed 76928K, reserved 1116160K
  class space    used 8502K, capacity 9571K, committed 9600K, reserved 1048576K
}
Event: 3517.447 GC heap before
{Heap before GC invocations=114 (full 5):
 garbage-first heap   total 109568K, used 93876K [0x00000000a0c00000, 0x0000000100000000)
  region size 1024K, 55 young (56320K), 1 survivors (1024K)
 Metaspace       used 73853K, capacity 76718K, committed 76928K, reserved 1116160K
  class space    used 8502K, capacity 9571K, committed 9600K, reserved 1048576K
}
Event: 3517.452 GC heap after
{Heap after GC invocations=115 (full 5):
 garbage-first heap   total 109568K, used 38608K [0x00000000a0c00000, 0x0000000100000000)
  region size 1024K, 1 young (1024K), 1 survivors (1024K)
 Metaspace       used 73853K, capacity 76718K, committed 76928K, reserved 1116160K
  class space    used 8502K, capacity 9571K, committed 9600K, reserved 1048576K
}
Event: 3531.930 GC heap before
{Heap before GC invocations=115 (full 5):
 garbage-first heap   total 109568K, used 93904K [0x00000000a0c00000, 0x0000000100000000)
  region size 1024K, 55 young (56320K), 1 survivors (1024K)
 Metaspace       used 73867K, capacity 76744K, committed 76928K, reserved 1116160K
  class space    used 8502K, capacity 9571K, committed 9600K, reserved 1048576K
}
Event: 3531.942 GC heap after
{Heap after GC invocations=116 (full 5):
 garbage-first heap   total 109568K, used 38609K [0x00000000a0c00000, 0x0000000100000000)
  region size 1024K, 1 young (1024K), 1 survivors (1024K)
 Metaspace       used 73867K, capacity 76744K, committed 76928K, reserved 1116160K
  class space    used 8502K, capacity 9571K, committed 9600K, reserved 1048576K
}
Event: 3567.887 GC heap before
{Heap before GC invocations=116 (full 5):
 garbage-first heap   total 109568K, used 62161K [0x00000000a0c00000, 0x0000000100000000)
  region size 1024K, 25 young (25600K), 1 survivors (1024K)
 Metaspace       used 73874K, capacity 76750K, committed 76928K, reserved 1116160K
  class space    used 8503K, capacity 9573K, committed 9600K, reserved 1048576K
}
Event: 3569.975 GC heap after
{Heap after GC invocations=117 (full 6):
 garbage-first heap   total 109568K, used 32496K [0x00000000a0c00000, 0x0000000100000000)
  region size 1024K, 0 young (0K), 0 survivors (0K)
 Metaspace       used 73780K, capacity 76619K, committed 76928K, reserved 1116160K
  class space    used 8486K, capacity 9540K, committed 9600K, reserved 1048576K
}

