# JRE version: OpenJDK Runtime Environment Temurin-17.0.11+9 (17.0.11+9) (build 17.0.11+9)
# Java VM: OpenJDK 64-Bit Server VM Temurin-17.0.11+9 (17.0.11+9, mixed mode, emulated-client, tiered, compressed oops, compressed class ptrs, g1 gc, windows-amd64)
GC Precious Log:
 CPUs: 8 total, 8 available
 Memory: 6091M
 Large Page Support: Disabled
 NUMA Support: Disabled
 Compressed Oops: Enabled (32-bit)
 Heap Region Size: 1M
 Heap Min Capacity: 8M
 Heap Initial Capacity: 96M
 Heap Max Capacity: 1G
 Pre-touch: Disabled
 Parallel Workers: 8
 Concurrent Workers: 2
 Concurrent Refinement Workers: 8
 Periodic GC: Disabled
Heap:
 garbage-first heap   total 94208K, used 40266K [0x00000000c0000000, 0x0000000100000000)
  region size 1024K, 1 young (1024K), 0 survivors (0K)
 Metaspace       used 58932K, committed 59456K, reserved 1114112K
  class space    used 7327K, committed 7616K, reserved 1048576K
GC Heap History (20 events):
Event: 4497.104 GC heap before
{Heap before GC invocations=418 (full 402):
 garbage-first heap   total 94208K, used 40266K [0x00000000c0000000, 0x0000000100000000)
  region size 1024K, 1 young (1024K), 0 survivors (0K)
 Metaspace       used 58932K, committed 59456K, reserved 1114112K
  class space    used 7327K, committed 7616K, reserved 1048576K
}
Event: 4497.149 GC heap after
{Heap after GC invocations=419 (full 403):
 garbage-first heap   total 94208K, used 40266K [0x00000000c0000000, 0x0000000100000000)
  region size 1024K, 0 young (0K), 0 survivors (0K)
 Metaspace       used 58932K, committed 59456K, reserved 1114112K
  class space    used 7327K, committed 7616K, reserved 1048576K
}
Event: 4507.410 GC heap before
{Heap before GC invocations=419 (full 403):
 garbage-first heap   total 94208K, used 40266K [0x00000000c0000000, 0x0000000100000000)
  region size 1024K, 1 young (1024K), 0 survivors (0K)
 Metaspace       used 58932K, committed 59456K, reserved 1114112K
  class space    used 7327K, committed 7616K, reserved 1048576K
}
Event: 4507.448 GC heap after
{Heap after GC invocations=420 (full 404):
 garbage-first heap   total 94208K, used 40266K [0x00000000c0000000, 0x0000000100000000)
  region size 1024K, 0 young (0K), 0 survivors (0K)
 Metaspace       used 58932K, committed 59456K, reserved 1114112K
  class space    used 7327K, committed 7616K, reserved 1048576K
}
Event: 4517.831 GC heap before
{Heap before GC invocations=420 (full 404):
 garbage-first heap   total 94208K, used 40266K [0x00000000c0000000, 0x0000000100000000)
  region size 1024K, 1 young (1024K), 0 survivors (0K)
 Metaspace       used 58932K, committed 59456K, reserved 1114112K
  class space    used 7327K, committed 7616K, reserved 1048576K
}
Event: 4517.884 GC heap after
{Heap after GC invocations=421 (full 405):
 garbage-first heap   total 94208K, used 40266K [0x00000000c0000000, 0x0000000100000000)
  region size 1024K, 0 young (0K), 0 survivors (0K)
 Metaspace       used 58932K, committed 59456K, reserved 1114112K
  class space    used 7327K, committed 7616K, reserved 1048576K
}
Event: 4528.107 GC heap before
{Heap before GC invocations=421 (full 405):
 garbage-first heap   total 94208K, used 40266K [0x00000000c0000000, 0x0000000100000000)
  region size 1024K, 1 young (1024K), 0 survivors (0K)
 Metaspace       used 58932K, committed 59456K, reserved 1114112K
  class space    used 7327K, committed 7616K, reserved 1048576K
}
Event: 4528.154 GC heap after
{Heap after GC invocations=422 (full 406):
 garbage-first heap   total 94208K, used 40266K [0x00000000c0000000, 0x0000000100000000)
  region size 1024K, 0 young (0K), 0 survivors (0K)
 Metaspace       used 58932K, committed 59456K, reserved 1114112K
  class space    used 7327K, committed 7616K, reserved 1048576K
}
Event: 4538.583 GC heap before
{Heap before GC invocations=422 (full 406):
 garbage-first heap   total 94208K, used 40266K [0x00000000c0000000, 0x0000000100000000)
  region size 1024K, 1 young (1024K), 0 survivors (0K)
 Metaspace       used 58932K, committed 59456K, reserved 1114112K
  class space    used 7327K, committed 7616K, reserved 1048576K
}
Event: 4538.708 GC heap after
{Heap after GC invocations=423 (full 407):
 garbage-first heap   total 94208K, used 40266K [0x00000000c0000000, 0x0000000100000000)
  region size 1024K, 0 young (0K), 0 survivors (0K)
 Metaspace       used 58932K, committed 59456K, reserved 1114112K
  class space    used 7327K, committed 7616K, reserved 1048576K
}
Event: 4549.724 GC heap before
{Heap before GC invocations=423 (full 407):
 garbage-first heap   total 94208K, used 40266K [0x00000000c0000000, 0x0000000100000000)
  region size 1024K, 1 young (1024K), 0 survivors (0K)
 Metaspace       used 58932K, committed 59456K, reserved 1114112K
  class space    used 7327K, committed 7616K, reserved 1048576K
}
Event: 4549.763 GC heap after
{Heap after GC invocations=424 (full 408):
 garbage-first heap   total 94208K, used 40266K [0x00000000c0000000, 0x0000000100000000)
  region size 1024K, 0 young (0K), 0 survivors (0K)
 Metaspace       used 58932K, committed 59456K, reserved 1114112K
  class space    used 7327K, committed 7616K, reserved 1048576K
}
Event: 4560.081 GC heap before
{Heap before GC invocations=424 (full 408):
 garbage-first heap   total 94208K, used 40266K [0x00000000c0000000, 0x0000000100000000)
  region size 1024K, 1 young (1024K), 0 survivors (0K)
 Metaspace       used 58932K, committed 59456K, reserved 1114112K
  class space    used 7327K, committed 7616K, reserved 1048576K
}
Event: 4560.149 GC heap after
{Heap after GC invocations=425 (full 409):
 garbage-first heap   total 94208K, used 40266K [0x00000000c0000000, 0x0000000100000000)
  region size 1024K, 0 young (0K), 0 survivors (0K)
 Metaspace       used 58932K, committed 59456K, reserved 1114112K
  class space    used 7327K, committed 7616K, reserved 1048576K
}
Event: 4571.199 GC heap before
{Heap before GC invocations=425 (full 409):
 garbage-first heap   total 94208K, used 40266K [0x00000000c0000000, 0x0000000100000000)
  region size 1024K, 1 young (1024K), 0 survivors (0K)
 Metaspace       used 58932K, committed 59456K, reserved 1114112K
  class space    used 7327K, committed 7616K, reserved 1048576K
}
Event: 4571.253 GC heap after
{Heap after GC invocations=426 (full 410):
 garbage-first heap   total 94208K, used 40266K [0x00000000c0000000, 0x0000000100000000)
  region size 1024K, 0 young (0K), 0 survivors (0K)
 Metaspace       used 58932K, committed 59456K, reserved 1114112K
  class space    used 7327K, committed 7616K, reserved 1048576K
}
Event: 4581.686 GC heap before
{Heap before GC invocations=426 (full 410):
 garbage-first heap   total 94208K, used 40266K [0x00000000c0000000, 0x0000000100000000)
  region size 1024K, 1 young (1024K), 0 survivors (0K)
 Metaspace       used 58932K, committed 59456K, reserved 1114112K
  class space    used 7327K, committed 7616K, reserved 1048576K
}
Event: 4581.750 GC heap after
{Heap after GC invocations=427 (full 411):
 garbage-first heap   total 94208K, used 40266K [0x00000000c0000000, 0x0000000100000000)
  region size 1024K, 0 young (0K), 0 survivors (0K)
 Metaspace       used 58932K, committed 59456K, reserved 1114112K
  class space    used 7327K, committed 7616K, reserved 1048576K
}
Event: 4592.572 GC heap before
{Heap before GC invocations=427 (full 411):
 garbage-first heap   total 94208K, used 40266K [0x00000000c0000000, 0x0000000100000000)
  region size 1024K, 1 young (1024K), 0 survivors (0K)
 Metaspace       used 58932K, committed 59456K, reserved 1114112K
  class space    used 7327K, committed 7616K, reserved 1048576K
}
Event: 4592.615 GC heap after
{Heap after GC invocations=428 (full 412):
 garbage-first heap   total 94208K, used 40266K [0x00000000c0000000, 0x0000000100000000)
  region size 1024K, 0 young (0K), 0 survivors (0K)
 Metaspace       used 58932K, committed 59456K, reserved 1114112K
  class space    used 7327K, committed 7616K, reserved 1048576K
}

