# JRE version: OpenJDK Runtime Environment Temurin-17.0.11+9 (17.0.11+9) (build 17.0.11+9)
# Java VM: OpenJDK 64-Bit Server VM Temurin-17.0.11+9 (17.0.11+9, mixed mode, emulated-client, tiered, compressed oops, compressed class ptrs, g1 gc, windows-amd64)
GC Precious Log:
 CPUs: 8 total, 8 available
 Memory: 6091M
 Large Page Support: Disabled
 NUMA Support: Disabled
 Compressed Oops: Enabled (32-bit)
 Heap Region Size: 1M
 Heap Min Capacity: 8M
 Heap Initial Capacity: 96M
 Heap Max Capacity: 1G
 Pre-touch: Disabled
 Parallel Workers: 8
 Concurrent Workers: 2
 Concurrent Refinement Workers: 8
 Periodic GC: Disabled
Heap:
 garbage-first heap   total 83968K, used 38316K [0x00000000c0000000, 0x0000000100000000)
  region size 1024K, 1 young (1024K), 0 survivors (0K)
 Metaspace       used 58575K, committed 59264K, reserved 1114112K
  class space    used 7275K, committed 7552K, reserved 1048576K
GC Heap History (20 events):
Event: 1156.014 GC heap before
{Heap before GC invocations=119 (full 97):
 garbage-first heap   total 83968K, used 38316K [0x00000000c0000000, 0x0000000100000000)
  region size 1024K, 1 young (1024K), 0 survivors (0K)
 Metaspace       used 58575K, committed 59264K, reserved 1114112K
  class space    used 7275K, committed 7552K, reserved 1048576K
}
Event: 1156.081 GC heap after
{Heap after GC invocations=120 (full 98):
 garbage-first heap   total 83968K, used 38316K [0x00000000c0000000, 0x0000000100000000)
  region size 1024K, 0 young (0K), 0 survivors (0K)
 Metaspace       used 58575K, committed 59264K, reserved 1114112K
  class space    used 7275K, committed 7552K, reserved 1048576K
}
Event: 1166.841 GC heap before
{Heap before GC invocations=120 (full 98):
 garbage-first heap   total 83968K, used 38316K [0x00000000c0000000, 0x0000000100000000)
  region size 1024K, 1 young (1024K), 0 survivors (0K)
 Metaspace       used 58575K, committed 59264K, reserved 1114112K
  class space    used 7275K, committed 7552K, reserved 1048576K
}
Event: 1166.940 GC heap after
{Heap after GC invocations=121 (full 99):
 garbage-first heap   total 83968K, used 38316K [0x00000000c0000000, 0x0000000100000000)
  region size 1024K, 0 young (0K), 0 survivors (0K)
 Metaspace       used 58575K, committed 59264K, reserved 1114112K
  class space    used 7275K, committed 7552K, reserved 1048576K
}
Event: 1177.474 GC heap before
{Heap before GC invocations=121 (full 99):
 garbage-first heap   total 83968K, used 38316K [0x00000000c0000000, 0x0000000100000000)
  region size 1024K, 1 young (1024K), 0 survivors (0K)
 Metaspace       used 58575K, committed 59264K, reserved 1114112K
  class space    used 7275K, committed 7552K, reserved 1048576K
}
Event: 1177.536 GC heap after
{Heap after GC invocations=122 (full 100):
 garbage-first heap   total 83968K, used 38316K [0x00000000c0000000, 0x0000000100000000)
  region size 1024K, 0 young (0K), 0 survivors (0K)
 Metaspace       used 58575K, committed 59264K, reserved 1114112K
  class space    used 7275K, committed 7552K, reserved 1048576K
}
Event: 1188.193 GC heap before
{Heap before GC invocations=122 (full 100):
 garbage-first heap   total 83968K, used 38316K [0x00000000c0000000, 0x0000000100000000)
  region size 1024K, 1 young (1024K), 0 survivors (0K)
 Metaspace       used 58575K, committed 59264K, reserved 1114112K
  class space    used 7275K, committed 7552K, reserved 1048576K
}
Event: 1188.257 GC heap after
{Heap after GC invocations=123 (full 101):
 garbage-first heap   total 83968K, used 38316K [0x00000000c0000000, 0x0000000100000000)
  region size 1024K, 0 young (0K), 0 survivors (0K)
 Metaspace       used 58575K, committed 59264K, reserved 1114112K
  class space    used 7275K, committed 7552K, reserved 1048576K
}
Event: 1198.698 GC heap before
{Heap before GC invocations=123 (full 101):
 garbage-first heap   total 83968K, used 38316K [0x00000000c0000000, 0x0000000100000000)
  region size 1024K, 1 young (1024K), 0 survivors (0K)
 Metaspace       used 58575K, committed 59264K, reserved 1114112K
  class space    used 7275K, committed 7552K, reserved 1048576K
}
Event: 1198.759 GC heap after
{Heap after GC invocations=124 (full 102):
 garbage-first heap   total 83968K, used 38316K [0x00000000c0000000, 0x0000000100000000)
  region size 1024K, 0 young (0K), 0 survivors (0K)
 Metaspace       used 58575K, committed 59264K, reserved 1114112K
  class space    used 7275K, committed 7552K, reserved 1048576K
}
Event: 1210.911 GC heap before
{Heap before GC invocations=124 (full 102):
 garbage-first heap   total 83968K, used 38316K [0x00000000c0000000, 0x0000000100000000)
  region size 1024K, 1 young (1024K), 0 survivors (0K)
 Metaspace       used 58575K, committed 59264K, reserved 1114112K
  class space    used 7275K, committed 7552K, reserved 1048576K
}
Event: 1210.973 GC heap after
{Heap after GC invocations=125 (full 103):
 garbage-first heap   total 83968K, used 38316K [0x00000000c0000000, 0x0000000100000000)
  region size 1024K, 0 young (0K), 0 survivors (0K)
 Metaspace       used 58575K, committed 59264K, reserved 1114112K
  class space    used 7275K, committed 7552K, reserved 1048576K
}
Event: 1226.650 GC heap before
{Heap before GC invocations=125 (full 103):
 garbage-first heap   total 83968K, used 38316K [0x00000000c0000000, 0x0000000100000000)
  region size 1024K, 1 young (1024K), 0 survivors (0K)
 Metaspace       used 58575K, committed 59264K, reserved 1114112K
  class space    used 7275K, committed 7552K, reserved 1048576K
}
Event: 1226.761 GC heap after
{Heap after GC invocations=126 (full 104):
 garbage-first heap   total 83968K, used 38316K [0x00000000c0000000, 0x0000000100000000)
  region size 1024K, 0 young (0K), 0 survivors (0K)
 Metaspace       used 58575K, committed 59264K, reserved 1114112K
  class space    used 7275K, committed 7552K, reserved 1048576K
}
Event: 1239.234 GC heap before
{Heap before GC invocations=126 (full 104):
 garbage-first heap   total 83968K, used 38316K [0x00000000c0000000, 0x0000000100000000)
  region size 1024K, 1 young (1024K), 0 survivors (0K)
 Metaspace       used 58575K, committed 59264K, reserved 1114112K
  class space    used 7275K, committed 7552K, reserved 1048576K
}
Event: 1239.330 GC heap after
{Heap after GC invocations=127 (full 105):
 garbage-first heap   total 83968K, used 38316K [0x00000000c0000000, 0x0000000100000000)
  region size 1024K, 0 young (0K), 0 survivors (0K)
 Metaspace       used 58575K, committed 59264K, reserved 1114112K
  class space    used 7275K, committed 7552K, reserved 1048576K
}
Event: 1250.039 GC heap before
{Heap before GC invocations=127 (full 105):
 garbage-first heap   total 83968K, used 38316K [0x00000000c0000000, 0x0000000100000000)
  region size 1024K, 1 young (1024K), 0 survivors (0K)
 Metaspace       used 58575K, committed 59264K, reserved 1114112K
  class space    used 7275K, committed 7552K, reserved 1048576K
}
Event: 1250.076 GC heap after
{Heap after GC invocations=128 (full 106):
 garbage-first heap   total 83968K, used 38316K [0x00000000c0000000, 0x0000000100000000)
  region size 1024K, 0 young (0K), 0 survivors (0K)
 Metaspace       used 58575K, committed 59264K, reserved 1114112K
  class space    used 7275K, committed 7552K, reserved 1048576K
}
Event: 1260.834 GC heap before
{Heap before GC invocations=128 (full 106):
 garbage-first heap   total 83968K, used 38316K [0x00000000c0000000, 0x0000000100000000)
  region size 1024K, 1 young (1024K), 0 survivors (0K)
 Metaspace       used 58575K, committed 59264K, reserved 1114112K
  class space    used 7275K, committed 7552K, reserved 1048576K
}
Event: 1260.909 GC heap after
{Heap after GC invocations=129 (full 107):
 garbage-first heap   total 83968K, used 38316K [0x00000000c0000000, 0x0000000100000000)
  region size 1024K, 0 young (0K), 0 survivors (0K)
 Metaspace       used 58575K, committed 59264K, reserved 1114112K
  class space    used 7275K, committed 7552K, reserved 1048576K
}

