# JRE version: OpenJDK Runtime Environment Temurin-17.0.11+9 (17.0.11+9) (build 17.0.11+9)
# Java VM: OpenJDK 64-Bit Server VM Temurin-17.0.11+9 (17.0.11+9, mixed mode, tiered, compressed oops, compressed class ptrs, parallel gc, windows-amd64)
GC Precious Log:
 CPUs: 8 total, 8 available
 Memory: 6091M
 Large Page Support: Disabled
 NUMA Support: Disabled
 Compressed Oops: Enabled (32-bit)
 Alignments: Space 512K, Generation 512K, Heap 2M
 Heap Min Capacity: 100M
 Heap Initial Capacity: 100M
 Heap Max Capacity: 1G
 Pre-touch: Disabled
 Parallel Workers: 8
Heap:
 PSYoungGen      total 4608K, used 1942K [0x00000000eab00000, 0x00000000eb000000, 0x0000000100000000)
  eden space 4096K, 35% used [0x00000000eab00000,0x00000000eac67198,0x00000000eaf00000)
  from space 512K, 98% used [0x00000000eaf80000,0x00000000eaffe900,0x00000000eb000000)
  to   space 512K, 0% used [0x00000000eaf00000,0x00000000eaf00000,0x00000000eaf80000)
 ParOldGen       total 274944K, used 271477K [0x00000000c0000000, 0x00000000d0c80000, 0x00000000eab00000)
  object space 274944K, 98% used [0x00000000c0000000,0x00000000d091d5b0,0x00000000d0c80000)
 Metaspace       used 83017K, committed 84544K, reserved 1179648K
  class space    used 8684K, committed 9344K, reserved 1048576K
GC Heap History (20 events):
Event: 343.880 GC heap before
{Heap before GC invocations=1569 (full 30):
 PSYoungGen      total 5120K, used 4960K [0x00000000eab00000, 0x00000000eb580000, 0x0000000100000000)
  eden space 1024K, 100% used [0x00000000eab00000,0x00000000eac00000,0x00000000eac00000)
  from space 4096K, 96% used [0x00000000eac00000,0x00000000eafd8000,0x00000000eb000000)
  to   space 4608K, 0% used [0x00000000eb100000,0x00000000eb100000,0x00000000eb580000)
 ParOldGen       total 274944K, used 255713K [0x00000000c0000000, 0x00000000d0c80000, 0x00000000eab00000)
  object space 274944K, 93% used [0x00000000c0000000,0x00000000cf9b8560,0x00000000d0c80000)
 Metaspace       used 82919K, committed 84480K, reserved 1179648K
  class space    used 8678K, committed 9344K, reserved 1048576K
}
Event: 343.888 GC heap after
{Heap after GC invocations=1569 (full 30):
 PSYoungGen      total 5120K, used 3584K [0x00000000eab00000, 0x00000000eb480000, 0x0000000100000000)
  eden space 1536K, 0% used [0x00000000eab00000,0x00000000eab00000,0x00000000eac80000)
  from space 3584K, 100% used [0x00000000eb100000,0x00000000eb480000,0x00000000eb480000)
  to   space 4096K, 0% used [0x00000000eac80000,0x00000000eac80000,0x00000000eb080000)
 ParOldGen       total 274944K, used 257129K [0x00000000c0000000, 0x00000000d0c80000, 0x00000000eab00000)
  object space 274944K, 93% used [0x00000000c0000000,0x00000000cfb1a560,0x00000000d0c80000)
 Metaspace       used 82919K, committed 84480K, reserved 1179648K
  class space    used 8678K, committed 9344K, reserved 1048576K
}
Event: 343.928 GC heap before
{Heap before GC invocations=1570 (full 30):
 PSYoungGen      total 5120K, used 5120K [0x00000000eab00000, 0x00000000eb480000, 0x0000000100000000)
  eden space 1536K, 100% used [0x00000000eab00000,0x00000000eac80000,0x00000000eac80000)
  from space 3584K, 100% used [0x00000000eb100000,0x00000000eb480000,0x00000000eb480000)
  to   space 4096K, 0% used [0x00000000eac80000,0x00000000eac80000,0x00000000eb080000)
 ParOldGen       total 274944K, used 257129K [0x00000000c0000000, 0x00000000d0c80000, 0x00000000eab00000)
  object space 274944K, 93% used [0x00000000c0000000,0x00000000cfb1a560,0x00000000d0c80000)
 Metaspace       used 82919K, committed 84480K, reserved 1179648K
  class space    used 8678K, committed 9344K, reserved 1048576K
}
Event: 343.936 GC heap after
{Heap after GC invocations=1570 (full 30):
 PSYoungGen      total 5632K, used 3002K [0x00000000eab00000, 0x00000000eb400000, 0x0000000100000000)
  eden space 1536K, 0% used [0x00000000eab00000,0x00000000eab00000,0x00000000eac80000)
  from space 4096K, 73% used [0x00000000eac80000,0x00000000eaf6e900,0x00000000eb080000)
  to   space 3584K, 0% used [0x00000000eb080000,0x00000000eb080000,0x00000000eb400000)
 ParOldGen       total 274944K, used 258129K [0x00000000c0000000, 0x00000000d0c80000, 0x00000000eab00000)
  object space 274944K, 93% used [0x00000000c0000000,0x00000000cfc14560,0x00000000d0c80000)
 Metaspace       used 82919K, committed 84480K, reserved 1179648K
  class space    used 8678K, committed 9344K, reserved 1048576K
}
Event: 343.949 GC heap before
{Heap before GC invocations=1571 (full 30):
 PSYoungGen      total 5632K, used 4538K [0x00000000eab00000, 0x00000000eb400000, 0x0000000100000000)
  eden space 1536K, 100% used [0x00000000eab00000,0x00000000eac80000,0x00000000eac80000)
  from space 4096K, 73% used [0x00000000eac80000,0x00000000eaf6e900,0x00000000eb080000)
  to   space 3584K, 0% used [0x00000000eb080000,0x00000000eb080000,0x00000000eb400000)
 ParOldGen       total 274944K, used 258129K [0x00000000c0000000, 0x00000000d0c80000, 0x00000000eab00000)
  object space 274944K, 93% used [0x00000000c0000000,0x00000000cfc14560,0x00000000d0c80000)
 Metaspace       used 82919K, committed 84480K, reserved 1179648K
  class space    used 8678K, committed 9344K, reserved 1048576K
}
Event: 343.960 GC heap after
{Heap after GC invocations=1571 (full 30):
 PSYoungGen      total 4096K, used 1754K [0x00000000eab00000, 0x00000000eb280000, 0x0000000100000000)
  eden space 2048K, 0% used [0x00000000eab00000,0x00000000eab00000,0x00000000ead00000)
  from space 2048K, 85% used [0x00000000eb080000,0x00000000eb236900,0x00000000eb280000)
  to   space 2560K, 0% used [0x00000000ead80000,0x00000000ead80000,0x00000000eb000000)
 ParOldGen       total 274944K, used 259649K [0x00000000c0000000, 0x00000000d0c80000, 0x00000000eab00000)
  object space 274944K, 94% used [0x00000000c0000000,0x00000000cfd90560,0x00000000d0c80000)
 Metaspace       used 82919K, committed 84480K, reserved 1179648K
  class space    used 8678K, committed 9344K, reserved 1048576K
}
Event: 343.983 GC heap before
{Heap before GC invocations=1572 (full 30):
 PSYoungGen      total 4096K, used 3802K [0x00000000eab00000, 0x00000000eb280000, 0x0000000100000000)
  eden space 2048K, 100% used [0x00000000eab00000,0x00000000ead00000,0x00000000ead00000)
  from space 2048K, 85% used [0x00000000eb080000,0x00000000eb236900,0x00000000eb280000)
  to   space 2560K, 0% used [0x00000000ead80000,0x00000000ead80000,0x00000000eb000000)
 ParOldGen       total 274944K, used 259649K [0x00000000c0000000, 0x00000000d0c80000, 0x00000000eab00000)
  object space 274944K, 94% used [0x00000000c0000000,0x00000000cfd90560,0x00000000d0c80000)
 Metaspace       used 82921K, committed 84480K, reserved 1179648K
  class space    used 8678K, committed 9344K, reserved 1048576K
}
Event: 343.992 GC heap after
{Heap after GC invocations=1572 (full 30):
 PSYoungGen      total 3072K, used 480K [0x00000000eab00000, 0x00000000eb100000, 0x0000000100000000)
  eden space 2560K, 0% used [0x00000000eab00000,0x00000000eab00000,0x00000000ead80000)
  from space 512K, 93% used [0x00000000ead80000,0x00000000eadf8000,0x00000000eae00000)
  to   space 1536K, 0% used [0x00000000eaf80000,0x00000000eaf80000,0x00000000eb100000)
 ParOldGen       total 274944K, used 261117K [0x00000000c0000000, 0x00000000d0c80000, 0x00000000eab00000)
  object space 274944K, 94% used [0x00000000c0000000,0x00000000cfeff760,0x00000000d0c80000)
 Metaspace       used 82921K, committed 84480K, reserved 1179648K
  class space    used 8678K, committed 9344K, reserved 1048576K
}
Event: 344.019 GC heap before
{Heap before GC invocations=1573 (full 30):
 PSYoungGen      total 3072K, used 3040K [0x00000000eab00000, 0x00000000eb100000, 0x0000000100000000)
  eden space 2560K, 100% used [0x00000000eab00000,0x00000000ead80000,0x00000000ead80000)
  from space 512K, 93% used [0x00000000ead80000,0x00000000eadf8000,0x00000000eae00000)
  to   space 1536K, 0% used [0x00000000eaf80000,0x00000000eaf80000,0x00000000eb100000)
 ParOldGen       total 274944K, used 261117K [0x00000000c0000000, 0x00000000d0c80000, 0x00000000eab00000)
  object space 274944K, 94% used [0x00000000c0000000,0x00000000cfeff760,0x00000000d0c80000)
 Metaspace       used 82925K, committed 84480K, reserved 1179648K
  class space    used 8678K, committed 9344K, reserved 1048576K
}
Event: 344.023 GC heap after
{Heap after GC invocations=1573 (full 30):
 PSYoungGen      total 3584K, used 442K [0x00000000eab00000, 0x00000000eb000000, 0x0000000100000000)
  eden space 3072K, 0% used [0x00000000eab00000,0x00000000eab00000,0x00000000eae00000)
  from space 512K, 86% used [0x00000000eaf80000,0x00000000eafee900,0x00000000eb000000)
  to   space 1024K, 0% used [0x00000000eae00000,0x00000000eae00000,0x00000000eaf00000)
 ParOldGen       total 274944K, used 261493K [0x00000000c0000000, 0x00000000d0c80000, 0x00000000eab00000)
  object space 274944K, 95% used [0x00000000c0000000,0x00000000cff5d760,0x00000000d0c80000)
 Metaspace       used 82925K, committed 84480K, reserved 1179648K
  class space    used 8678K, committed 9344K, reserved 1048576K
}
Event: 344.043 GC heap before
{Heap before GC invocations=1574 (full 30):
 PSYoungGen      total 3584K, used 3514K [0x00000000eab00000, 0x00000000eb000000, 0x0000000100000000)
  eden space 3072K, 100% used [0x00000000eab00000,0x00000000eae00000,0x00000000eae00000)
  from space 512K, 86% used [0x00000000eaf80000,0x00000000eafee900,0x00000000eb000000)
  to   space 1024K, 0% used [0x00000000eae00000,0x00000000eae00000,0x00000000eaf00000)
 ParOldGen       total 274944K, used 261493K [0x00000000c0000000, 0x00000000d0c80000, 0x00000000eab00000)
  object space 274944K, 95% used [0x00000000c0000000,0x00000000cff5d760,0x00000000d0c80000)
 Metaspace       used 82925K, committed 84480K, reserved 1179648K
  class space    used 8678K, committed 9344K, reserved 1048576K
}
Event: 344.046 GC heap after
{Heap after GC invocations=1574 (full 30):
 PSYoungGen      total 4096K, used 474K [0x00000000eab00000, 0x00000000eb000000, 0x0000000100000000)
  eden space 3072K, 0% used [0x00000000eab00000,0x00000000eab00000,0x00000000eae00000)
  from space 1024K, 46% used [0x00000000eae00000,0x00000000eae76900,0x00000000eaf00000)
  to   space 512K, 0% used [0x00000000eaf80000,0x00000000eaf80000,0x00000000eb000000)
 ParOldGen       total 274944K, used 261653K [0x00000000c0000000, 0x00000000d0c80000, 0x00000000eab00000)
  object space 274944K, 95% used [0x00000000c0000000,0x00000000cff85760,0x00000000d0c80000)
 Metaspace       used 82925K, committed 84480K, reserved 1179648K
  class space    used 8678K, committed 9344K, reserved 1048576K
}
Event: 344.082 GC heap before
{Heap before GC invocations=1575 (full 30):
 PSYoungGen      total 4096K, used 3546K [0x00000000eab00000, 0x00000000eb000000, 0x0000000100000000)
  eden space 3072K, 100% used [0x00000000eab00000,0x00000000eae00000,0x00000000eae00000)
  from space 1024K, 46% used [0x00000000eae00000,0x00000000eae76900,0x00000000eaf00000)
  to   space 512K, 0% used [0x00000000eaf80000,0x00000000eaf80000,0x00000000eb000000)
 ParOldGen       total 274944K, used 261653K [0x00000000c0000000, 0x00000000d0c80000, 0x00000000eab00000)
  object space 274944K, 95% used [0x00000000c0000000,0x00000000cff85760,0x00000000d0c80000)
 Metaspace       used 82976K, committed 84544K, reserved 1179648K
  class space    used 8684K, committed 9344K, reserved 1048576K
}
Event: 344.084 GC heap after
{Heap after GC invocations=1575 (full 30):
 PSYoungGen      total 4608K, used 224K [0x00000000eab00000, 0x00000000eb000000, 0x0000000100000000)
  eden space 4096K, 0% used [0x00000000eab00000,0x00000000eab00000,0x00000000eaf00000)
  from space 512K, 43% used [0x00000000eaf80000,0x00000000eafb8000,0x00000000eb000000)
  to   space 512K, 0% used [0x00000000eaf00000,0x00000000eaf00000,0x00000000eaf80000)
 ParOldGen       total 274944K, used 261661K [0x00000000c0000000, 0x00000000d0c80000, 0x00000000eab00000)
  object space 274944K, 95% used [0x00000000c0000000,0x00000000cff87760,0x00000000d0c80000)
 Metaspace       used 82976K, committed 84544K, reserved 1179648K
  class space    used 8684K, committed 9344K, reserved 1048576K
}
Event: 1313.088 GC heap before
{Heap before GC invocations=1576 (full 30):
 PSYoungGen      total 4608K, used 3980K [0x00000000eab00000, 0x00000000eb000000, 0x0000000100000000)
  eden space 4096K, 91% used [0x00000000eab00000,0x00000000eaeab1c8,0x00000000eaf00000)
  from space 512K, 43% used [0x00000000eaf80000,0x00000000eafb8000,0x00000000eb000000)
  to   space 512K, 0% used [0x00000000eaf00000,0x00000000eaf00000,0x00000000eaf80000)
 ParOldGen       total 274944K, used 261661K [0x00000000c0000000, 0x00000000d0c80000, 0x00000000eab00000)
  object space 274944K, 95% used [0x00000000c0000000,0x00000000cff87760,0x00000000d0c80000)
 Metaspace       used 83016K, committed 84544K, reserved 1179648K
  class space    used 8684K, committed 9344K, reserved 1048576K
}
Event: 1313.272 GC heap after
{Heap after GC invocations=1576 (full 30):
 PSYoungGen      total 4608K, used 372K [0x00000000eab00000, 0x00000000eb000000, 0x0000000100000000)
  eden space 4096K, 0% used [0x00000000eab00000,0x00000000eab00000,0x00000000eaf00000)
  from space 512K, 72% used [0x00000000eaf00000,0x00000000eaf5d220,0x00000000eaf80000)
  to   space 512K, 0% used [0x00000000eaf80000,0x00000000eaf80000,0x00000000eb000000)
 ParOldGen       total 274944K, used 261709K [0x00000000c0000000, 0x00000000d0c80000, 0x00000000eab00000)
  object space 274944K, 95% used [0x00000000c0000000,0x00000000cff93760,0x00000000d0c80000)
 Metaspace       used 83016K, committed 84544K, reserved 1179648K
  class space    used 8684K, committed 9344K, reserved 1048576K
}
Event: 1313.305 GC heap before
{Heap before GC invocations=1577 (full 30):
 PSYoungGen      total 4608K, used 4468K [0x00000000eab00000, 0x00000000eb000000, 0x0000000100000000)
  eden space 4096K, 100% used [0x00000000eab00000,0x00000000eaf00000,0x00000000eaf00000)
  from space 512K, 72% used [0x00000000eaf00000,0x00000000eaf5d220,0x00000000eaf80000)
  to   space 512K, 0% used [0x00000000eaf80000,0x00000000eaf80000,0x00000000eb000000)
 ParOldGen       total 274944K, used 261709K [0x00000000c0000000, 0x00000000d0c80000, 0x00000000eab00000)
  object space 274944K, 95% used [0x00000000c0000000,0x00000000cff93760,0x00000000d0c80000)
 Metaspace       used 83016K, committed 84544K, reserved 1179648K
  class space    used 8684K, committed 9344K, reserved 1048576K
}
Event: 1313.346 GC heap after
{Heap after GC invocations=1577 (full 30):
 PSYoungGen      total 4608K, used 489K [0x00000000eab00000, 0x00000000eb000000, 0x0000000100000000)
  eden space 4096K, 0% used [0x00000000eab00000,0x00000000eab00000,0x00000000eaf00000)
  from space 512K, 95% used [0x00000000eaf80000,0x00000000eaffa618,0x00000000eb000000)
  to   space 512K, 0% used [0x00000000eaf00000,0x00000000eaf00000,0x00000000eaf80000)
 ParOldGen       total 274944K, used 265483K [0x00000000c0000000, 0x00000000d0c80000, 0x00000000eab00000)
  object space 274944K, 96% used [0x00000000c0000000,0x00000000d0342f98,0x00000000d0c80000)
 Metaspace       used 83016K, committed 84544K, reserved 1179648K
  class space    used 8684K, committed 9344K, reserved 1048576K
}
Event: 1313.381 GC heap before
{Heap before GC invocations=1578 (full 30):
 PSYoungGen      total 4608K, used 4585K [0x00000000eab00000, 0x00000000eb000000, 0x0000000100000000)
  eden space 4096K, 100% used [0x00000000eab00000,0x00000000eaf00000,0x00000000eaf00000)
  from space 512K, 95% used [0x00000000eaf80000,0x00000000eaffa618,0x00000000eb000000)
  to   space 512K, 0% used [0x00000000eaf00000,0x00000000eaf00000,0x00000000eaf80000)
 ParOldGen       total 274944K, used 265483K [0x00000000c0000000, 0x00000000d0c80000, 0x00000000eab00000)
  object space 274944K, 96% used [0x00000000c0000000,0x00000000d0342f98,0x00000000d0c80000)
 Metaspace       used 83016K, committed 84544K, reserved 1179648K
  class space    used 8684K, committed 9344K, reserved 1048576K
}
Event: 1313.418 GC heap after
{Heap after GC invocations=1578 (full 30):
 PSYoungGen      total 4608K, used 512K [0x00000000eab00000, 0x00000000eb000000, 0x0000000100000000)
  eden space 4096K, 0% used [0x00000000eab00000,0x00000000eab00000,0x00000000eaf00000)
  from space 512K, 100% used [0x00000000eaf00000,0x00000000eaf80000,0x00000000eaf80000)
  to   space 512K, 0% used [0x00000000eaf80000,0x00000000eaf80000,0x00000000eb000000)
 ParOldGen       total 274944K, used 269581K [0x00000000c0000000, 0x00000000d0c80000, 0x00000000eab00000)
  object space 274944K, 98% used [0x00000000c0000000,0x00000000d07435b0,0x00000000d0c80000)
 Metaspace       used 83016K, committed 84544K, reserved 1179648K
  class space    used 8684K, committed 9344K, reserved 1048576K
}

