# JRE version: OpenJDK Runtime Environment Temurin-17.0.11+9 (17.0.11+9) (build 17.0.11+9)
# Java VM: OpenJDK 64-Bit Server VM Temurin-17.0.11+9 (17.0.11+9, mixed mode, tiered, compressed oops, compressed class ptrs, parallel gc, windows-amd64)
GC Precious Log:
 CPUs: 8 total, 8 available
 Memory: 6091M
 Large Page Support: Disabled
 NUMA Support: Disabled
 Compressed Oops: Enabled (32-bit)
 Alignments: Space 512K, Generation 512K, Heap 2M
 Heap Min Capacity: 100M
 Heap Initial Capacity: 100M
 Heap Max Capacity: 1G
 Pre-touch: Disabled
 Parallel Workers: 8
Heap:
 PSYoungGen      total 3072K, used 932K [0x00000000eab00000, 0x00000000eaf80000, 0x0000000100000000)
  eden space 2048K, 14% used [0x00000000eab00000,0x00000000eab49040,0x00000000ead00000)
  from space 1024K, 62% used [0x00000000eae80000,0x00000000eaf20030,0x00000000eaf80000)
  to   space 1024K, 0% used [0x00000000ead80000,0x00000000ead80000,0x00000000eae80000)
 ParOldGen       total 113152K, used 96327K [0x00000000c0000000, 0x00000000c6e80000, 0x00000000eab00000)
  object space 113152K, 85% used [0x00000000c0000000,0x00000000c5e11c70,0x00000000c6e80000)
 Metaspace       used 65540K, committed 66816K, reserved 1114112K
  class space    used 6805K, committed 7360K, reserved 1048576K
GC Heap History (20 events):
Event: 21.684 GC heap before
{Heap before GC invocations=90 (full 4):
 PSYoungGen      total 4096K, used 3600K [0x00000000eab00000, 0x00000000eb100000, 0x0000000100000000)
  eden space 2048K, 99% used [0x00000000eab00000,0x00000000eacfdde0,0x00000000ead00000)
  from space 2048K, 76% used [0x00000000ead00000,0x00000000eae865a8,0x00000000eaf00000)
  to   space 2048K, 0% used [0x00000000eaf00000,0x00000000eaf00000,0x00000000eb100000)
 ParOldGen       total 113152K, used 111122K [0x00000000c0000000, 0x00000000c6e80000, 0x00000000eab00000)
  object space 113152K, 98% used [0x00000000c0000000,0x00000000c6c84b48,0x00000000c6e80000)
 Metaspace       used 65414K, committed 66624K, reserved 1114112K
  class space    used 6803K, committed 7360K, reserved 1048576K
}
Event: 21.687 GC heap after
{Heap after GC invocations=90 (full 4):
 PSYoungGen      total 4096K, used 1913K [0x00000000eab00000, 0x00000000eb100000, 0x0000000100000000)
  eden space 2048K, 0% used [0x00000000eab00000,0x00000000eab00000,0x00000000ead00000)
  from space 2048K, 93% used [0x00000000eaf00000,0x00000000eb0de5a8,0x00000000eb100000)
  to   space 2048K, 0% used [0x00000000ead00000,0x00000000ead00000,0x00000000eaf00000)
 ParOldGen       total 113152K, used 111122K [0x00000000c0000000, 0x00000000c6e80000, 0x00000000eab00000)
  object space 113152K, 98% used [0x00000000c0000000,0x00000000c6c84b48,0x00000000c6e80000)
 Metaspace       used 65414K, committed 66624K, reserved 1114112K
  class space    used 6803K, committed 7360K, reserved 1048576K
}
Event: 21.736 GC heap before
{Heap before GC invocations=91 (full 4):
 PSYoungGen      total 4096K, used 3953K [0x00000000eab00000, 0x00000000eb100000, 0x0000000100000000)
  eden space 2048K, 99% used [0x00000000eab00000,0x00000000eacfdf18,0x00000000ead00000)
  from space 2048K, 93% used [0x00000000eaf00000,0x00000000eb0de5a8,0x00000000eb100000)
  to   space 2048K, 0% used [0x00000000ead00000,0x00000000ead00000,0x00000000eaf00000)
 ParOldGen       total 113152K, used 111122K [0x00000000c0000000, 0x00000000c6e80000, 0x00000000eab00000)
  object space 113152K, 98% used [0x00000000c0000000,0x00000000c6c84b48,0x00000000c6e80000)
 Metaspace       used 65431K, committed 66624K, reserved 1114112K
  class space    used 6803K, committed 7360K, reserved 1048576K
}
Event: 21.738 GC heap after
{Heap after GC invocations=91 (full 4):
 PSYoungGen      total 4096K, used 2025K [0x00000000eab00000, 0x00000000eb200000, 0x0000000100000000)
  eden space 2048K, 0% used [0x00000000eab00000,0x00000000eab00000,0x00000000ead00000)
  from space 2048K, 98% used [0x00000000ead00000,0x00000000eaefa5b8,0x00000000eaf00000)
  to   space 2560K, 0% used [0x00000000eaf80000,0x00000000eaf80000,0x00000000eb200000)
 ParOldGen       total 113152K, used 111169K [0x00000000c0000000, 0x00000000c6e80000, 0x00000000eab00000)
  object space 113152K, 98% used [0x00000000c0000000,0x00000000c6c905a8,0x00000000c6e80000)
 Metaspace       used 65431K, committed 66624K, reserved 1114112K
  class space    used 6803K, committed 7360K, reserved 1048576K
}
Event: 21.789 GC heap before
{Heap before GC invocations=92 (full 4):
 PSYoungGen      total 4096K, used 4073K [0x00000000eab00000, 0x00000000eb200000, 0x0000000100000000)
  eden space 2048K, 100% used [0x00000000eab00000,0x00000000ead00000,0x00000000ead00000)
  from space 2048K, 98% used [0x00000000ead00000,0x00000000eaefa5b8,0x00000000eaf00000)
  to   space 2560K, 0% used [0x00000000eaf80000,0x00000000eaf80000,0x00000000eb200000)
 ParOldGen       total 113152K, used 111169K [0x00000000c0000000, 0x00000000c6e80000, 0x00000000eab00000)
  object space 113152K, 98% used [0x00000000c0000000,0x00000000c6c905a8,0x00000000c6e80000)
 Metaspace       used 65441K, committed 66688K, reserved 1114112K
  class space    used 6803K, committed 7360K, reserved 1048576K
}
Event: 21.794 GC heap after
{Heap after GC invocations=92 (full 4):
 PSYoungGen      total 4608K, used 2217K [0x00000000eab00000, 0x00000000eb200000, 0x0000000100000000)
  eden space 2048K, 0% used [0x00000000eab00000,0x00000000eab00000,0x00000000ead00000)
  from space 2560K, 86% used [0x00000000eaf80000,0x00000000eb1aa5b8,0x00000000eb200000)
  to   space 2560K, 0% used [0x00000000ead00000,0x00000000ead00000,0x00000000eaf80000)
 ParOldGen       total 113152K, used 111406K [0x00000000c0000000, 0x00000000c6e80000, 0x00000000eab00000)
  object space 113152K, 98% used [0x00000000c0000000,0x00000000c6ccb9d0,0x00000000c6e80000)
 Metaspace       used 65441K, committed 66688K, reserved 1114112K
  class space    used 6803K, committed 7360K, reserved 1048576K
}
Event: 21.882 GC heap before
{Heap before GC invocations=93 (full 4):
 PSYoungGen      total 4608K, used 4265K [0x00000000eab00000, 0x00000000eb200000, 0x0000000100000000)
  eden space 2048K, 100% used [0x00000000eab00000,0x00000000ead00000,0x00000000ead00000)
  from space 2560K, 86% used [0x00000000eaf80000,0x00000000eb1aa5b8,0x00000000eb200000)
  to   space 2560K, 0% used [0x00000000ead00000,0x00000000ead00000,0x00000000eaf80000)
 ParOldGen       total 113152K, used 111406K [0x00000000c0000000, 0x00000000c6e80000, 0x00000000eab00000)
  object space 113152K, 98% used [0x00000000c0000000,0x00000000c6ccb9d0,0x00000000c6e80000)
 Metaspace       used 65451K, committed 66688K, reserved 1114112K
  class space    used 6803K, committed 7360K, reserved 1048576K
}
Event: 21.885 GC heap after
{Heap after GC invocations=93 (full 4):
 PSYoungGen      total 4096K, used 1817K [0x00000000eab00000, 0x00000000eb100000, 0x0000000100000000)
  eden space 2048K, 0% used [0x00000000eab00000,0x00000000eab00000,0x00000000ead00000)
  from space 2048K, 88% used [0x00000000ead00000,0x00000000eaec65a8,0x00000000eaf00000)
  to   space 2048K, 0% used [0x00000000eaf00000,0x00000000eaf00000,0x00000000eb100000)
 ParOldGen       total 113152K, used 111518K [0x00000000c0000000, 0x00000000c6e80000, 0x00000000eab00000)
  object space 113152K, 98% used [0x00000000c0000000,0x00000000c6ce79d0,0x00000000c6e80000)
 Metaspace       used 65451K, committed 66688K, reserved 1114112K
  class space    used 6803K, committed 7360K, reserved 1048576K
}
Event: 21.935 GC heap before
{Heap before GC invocations=94 (full 4):
 PSYoungGen      total 4096K, used 3865K [0x00000000eab00000, 0x00000000eb100000, 0x0000000100000000)
  eden space 2048K, 100% used [0x00000000eab00000,0x00000000ead00000,0x00000000ead00000)
  from space 2048K, 88% used [0x00000000ead00000,0x00000000eaec65a8,0x00000000eaf00000)
  to   space 2048K, 0% used [0x00000000eaf00000,0x00000000eaf00000,0x00000000eb100000)
 ParOldGen       total 113152K, used 111518K [0x00000000c0000000, 0x00000000c6e80000, 0x00000000eab00000)
  object space 113152K, 98% used [0x00000000c0000000,0x00000000c6ce79d0,0x00000000c6e80000)
 Metaspace       used 65461K, committed 66688K, reserved 1114112K
  class space    used 6804K, committed 7360K, reserved 1048576K
}
Event: 21.937 GC heap after
{Heap after GC invocations=94 (full 4):
 PSYoungGen      total 4096K, used 1728K [0x00000000eab00000, 0x00000000eb100000, 0x0000000100000000)
  eden space 2048K, 0% used [0x00000000eab00000,0x00000000eab00000,0x00000000ead00000)
  from space 2048K, 84% used [0x00000000eaf00000,0x00000000eb0b0000,0x00000000eb100000)
  to   space 2048K, 0% used [0x00000000ead00000,0x00000000ead00000,0x00000000eaf00000)
 ParOldGen       total 113152K, used 111759K [0x00000000c0000000, 0x00000000c6e80000, 0x00000000eab00000)
  object space 113152K, 98% used [0x00000000c0000000,0x00000000c6d23f78,0x00000000c6e80000)
 Metaspace       used 65461K, committed 66688K, reserved 1114112K
  class space    used 6804K, committed 7360K, reserved 1048576K
}
Event: 21.955 GC heap before
{Heap before GC invocations=95 (full 4):
 PSYoungGen      total 4096K, used 3775K [0x00000000eab00000, 0x00000000eb100000, 0x0000000100000000)
  eden space 2048K, 99% used [0x00000000eab00000,0x00000000eacffff8,0x00000000ead00000)
  from space 2048K, 84% used [0x00000000eaf00000,0x00000000eb0b0000,0x00000000eb100000)
  to   space 2048K, 0% used [0x00000000ead00000,0x00000000ead00000,0x00000000eaf00000)
 ParOldGen       total 113152K, used 111759K [0x00000000c0000000, 0x00000000c6e80000, 0x00000000eab00000)
  object space 113152K, 98% used [0x00000000c0000000,0x00000000c6d23f78,0x00000000c6e80000)
 Metaspace       used 65472K, committed 66688K, reserved 1114112K
  class space    used 6805K, committed 7360K, reserved 1048576K
}
Event: 21.958 GC heap after
{Heap after GC invocations=95 (full 4):
 PSYoungGen      total 4096K, used 1808K [0x00000000eab00000, 0x00000000eb100000, 0x0000000100000000)
  eden space 2048K, 0% used [0x00000000eab00000,0x00000000eab00000,0x00000000ead00000)
  from space 2048K, 88% used [0x00000000ead00000,0x00000000eaec4010,0x00000000eaf00000)
  to   space 2048K, 0% used [0x00000000eaf00000,0x00000000eaf00000,0x00000000eb100000)
 ParOldGen       total 113152K, used 111991K [0x00000000c0000000, 0x00000000c6e80000, 0x00000000eab00000)
  object space 113152K, 98% used [0x00000000c0000000,0x00000000c6d5df78,0x00000000c6e80000)
 Metaspace       used 65472K, committed 66688K, reserved 1114112K
  class space    used 6805K, committed 7360K, reserved 1048576K
}
Event: 21.998 GC heap before
{Heap before GC invocations=96 (full 4):
 PSYoungGen      total 4096K, used 3854K [0x00000000eab00000, 0x00000000eb100000, 0x0000000100000000)
  eden space 2048K, 99% used [0x00000000eab00000,0x00000000eacff960,0x00000000ead00000)
  from space 2048K, 88% used [0x00000000ead00000,0x00000000eaec4010,0x00000000eaf00000)
  to   space 2048K, 0% used [0x00000000eaf00000,0x00000000eaf00000,0x00000000eb100000)
 ParOldGen       total 113152K, used 111991K [0x00000000c0000000, 0x00000000c6e80000, 0x00000000eab00000)
  object space 113152K, 98% used [0x00000000c0000000,0x00000000c6d5df78,0x00000000c6e80000)
 Metaspace       used 65482K, committed 66688K, reserved 1114112K
  class space    used 6805K, committed 7360K, reserved 1048576K
}
Event: 22.001 GC heap after
{Heap after GC invocations=96 (full 4):
 PSYoungGen      total 4096K, used 1408K [0x00000000eab00000, 0x00000000eb100000, 0x0000000100000000)
  eden space 2048K, 0% used [0x00000000eab00000,0x00000000eab00000,0x00000000ead00000)
  from space 2048K, 68% used [0x00000000eaf00000,0x00000000eb060020,0x00000000eb100000)
  to   space 2048K, 0% used [0x00000000ead00000,0x00000000ead00000,0x00000000eaf00000)
 ParOldGen       total 113152K, used 112499K [0x00000000c0000000, 0x00000000c6e80000, 0x00000000eab00000)
  object space 113152K, 99% used [0x00000000c0000000,0x00000000c6ddcf40,0x00000000c6e80000)
 Metaspace       used 65482K, committed 66688K, reserved 1114112K
  class space    used 6805K, committed 7360K, reserved 1048576K
}
Event: 22.031 GC heap before
{Heap before GC invocations=97 (full 4):
 PSYoungGen      total 4096K, used 3456K [0x00000000eab00000, 0x00000000eb100000, 0x0000000100000000)
  eden space 2048K, 100% used [0x00000000eab00000,0x00000000ead00000,0x00000000ead00000)
  from space 2048K, 68% used [0x00000000eaf00000,0x00000000eb060020,0x00000000eb100000)
  to   space 2048K, 0% used [0x00000000ead00000,0x00000000ead00000,0x00000000eaf00000)
 ParOldGen       total 113152K, used 112499K [0x00000000c0000000, 0x00000000c6e80000, 0x00000000eab00000)
  object space 113152K, 99% used [0x00000000c0000000,0x00000000c6ddcf40,0x00000000c6e80000)
 Metaspace       used 65491K, committed 66752K, reserved 1114112K
  class space    used 6805K, committed 7360K, reserved 1048576K
}
Event: 22.034 GC heap after
{Heap after GC invocations=97 (full 4):
 PSYoungGen      total 3584K, used 1488K [0x00000000eab00000, 0x00000000eb000000, 0x0000000100000000)
  eden space 2048K, 0% used [0x00000000eab00000,0x00000000eab00000,0x00000000ead00000)
  from space 1536K, 96% used [0x00000000ead00000,0x00000000eae74010,0x00000000eae80000)
  to   space 1536K, 0% used [0x00000000eae80000,0x00000000eae80000,0x00000000eb000000)
 ParOldGen       total 113152K, used 112755K [0x00000000c0000000, 0x00000000c6e80000, 0x00000000eab00000)
  object space 113152K, 99% used [0x00000000c0000000,0x00000000c6e1cf50,0x00000000c6e80000)
 Metaspace       used 65491K, committed 66752K, reserved 1114112K
  class space    used 6805K, committed 7360K, reserved 1048576K
}
Event: 22.106 GC heap before
{Heap before GC invocations=98 (full 4):
 PSYoungGen      total 3584K, used 3527K [0x00000000eab00000, 0x00000000eb000000, 0x0000000100000000)
  eden space 2048K, 99% used [0x00000000eab00000,0x00000000eacfdc90,0x00000000ead00000)
  from space 1536K, 96% used [0x00000000ead00000,0x00000000eae74010,0x00000000eae80000)
  to   space 1536K, 0% used [0x00000000eae80000,0x00000000eae80000,0x00000000eb000000)
 ParOldGen       total 113152K, used 112755K [0x00000000c0000000, 0x00000000c6e80000, 0x00000000eab00000)
  object space 113152K, 99% used [0x00000000c0000000,0x00000000c6e1cf50,0x00000000c6e80000)
 Metaspace       used 65518K, committed 66816K, reserved 1114112K
  class space    used 6805K, committed 7360K, reserved 1048576K
}
Event: 22.109 GC heap after
{Heap after GC invocations=98 (full 4):
 PSYoungGen      total 3584K, used 1056K [0x00000000eab00000, 0x00000000eb000000, 0x0000000100000000)
  eden space 2048K, 0% used [0x00000000eab00000,0x00000000eab00000,0x00000000ead00000)
  from space 1536K, 68% used [0x00000000eae80000,0x00000000eaf88010,0x00000000eb000000)
  to   space 1536K, 0% used [0x00000000ead00000,0x00000000ead00000,0x00000000eae80000)
 ParOldGen       total 113152K, used 113039K [0x00000000c0000000, 0x00000000c6e80000, 0x00000000eab00000)
  object space 113152K, 99% used [0x00000000c0000000,0x00000000c6e63dc8,0x00000000c6e80000)
 Metaspace       used 65518K, committed 66816K, reserved 1114112K
  class space    used 6805K, committed 7360K, reserved 1048576K
}
Event: 22.109 GC heap before
{Heap before GC invocations=99 (full 5):
 PSYoungGen      total 3584K, used 1056K [0x00000000eab00000, 0x00000000eb000000, 0x0000000100000000)
  eden space 2048K, 0% used [0x00000000eab00000,0x00000000eab00000,0x00000000ead00000)
  from space 1536K, 68% used [0x00000000eae80000,0x00000000eaf88010,0x00000000eb000000)
  to   space 1536K, 0% used [0x00000000ead00000,0x00000000ead00000,0x00000000eae80000)
 ParOldGen       total 113152K, used 113039K [0x00000000c0000000, 0x00000000c6e80000, 0x00000000eab00000)
  object space 113152K, 99% used [0x00000000c0000000,0x00000000c6e63dc8,0x00000000c6e80000)
 Metaspace       used 65518K, committed 66816K, reserved 1114112K
  class space    used 6805K, committed 7360K, reserved 1048576K
}
Event: 22.250 GC heap after
{Heap after GC invocations=99 (full 5):
 PSYoungGen      total 3584K, used 0K [0x00000000eab00000, 0x00000000eb000000, 0x0000000100000000)
  eden space 2048K, 0% used [0x00000000eab00000,0x00000000eab00000,0x00000000ead00000)
  from space 1536K, 0% used [0x00000000ead00000,0x00000000ead00000,0x00000000eae80000)
  to   space 1536K, 0% used [0x00000000eae80000,0x00000000eae80000,0x00000000eb000000)
 ParOldGen       total 113152K, used 96319K [0x00000000c0000000, 0x00000000c6e80000, 0x00000000eab00000)
  object space 113152K, 85% used [0x00000000c0000000,0x00000000c5e0fc70,0x00000000c6e80000)
 Metaspace       used 65516K, committed 66816K, reserved 1114112K
  class space    used 6805K, committed 7360K, reserved 1048576K
}

